<?xml version="1.0" encoding="UTF-8"?>
<testsuite name="redis.HttpTest" tests="1" skipped="0" failures="0" errors="0" timestamp="2020-09-08T12:46:54" hostname="ubuntu" time="0.457">
  <properties/>
  <testcase name="testRedis" classname="redis.HttpTest" time="0.457"/>
  <system-out><![CDATA[05:46:51.786 [Test worker] DEBUG org.springframework.test.context.junit4.SpringJUnit4ClassRunner - SpringJUnit4ClassRunner constructor called with [class redis.HttpTest]
05:46:51.797 [Test worker] DEBUG org.springframework.test.context.BootstrapUtils - Instantiating CacheAwareContextLoaderDelegate from class [org.springframework.test.context.cache.DefaultCacheAwareContextLoaderDelegate]
05:46:51.806 [Test worker] DEBUG org.springframework.test.context.BootstrapUtils - Instantiating BootstrapContext using constructor [public org.springframework.test.context.support.DefaultBootstrapContext(java.lang.Class,org.springframework.test.context.CacheAwareContextLoaderDelegate)]
05:46:51.857 [Test worker] DEBUG org.springframework.test.context.BootstrapUtils - Instantiating TestContextBootstrapper for test class [redis.HttpTest] from class [org.springframework.boot.test.context.SpringBootTestContextBootstrapper]
05:46:51.884 [Test worker] INFO org.springframework.boot.test.context.SpringBootTestContextBootstrapper - Neither @ContextConfiguration nor @ContextHierarchy found for test class [redis.HttpTest], using SpringBootContextLoader
05:46:51.889 [Test worker] DEBUG org.springframework.test.context.support.AbstractContextLoader - Did not detect default resource location for test class [redis.HttpTest]: class path resource [redis/HttpTest-context.xml] does not exist
05:46:51.890 [Test worker] DEBUG org.springframework.test.context.support.AbstractContextLoader - Did not detect default resource location for test class [redis.HttpTest]: class path resource [redis/HttpTestContext.groovy] does not exist
05:46:51.891 [Test worker] INFO org.springframework.test.context.support.AbstractContextLoader - Could not detect default resource locations for test class [redis.HttpTest]: no resource found for suffixes {-context.xml, Context.groovy}.
05:46:51.946 [Test worker] DEBUG org.springframework.test.context.support.ActiveProfilesUtils - Could not find an 'annotation declaring class' for annotation type [org.springframework.test.context.ActiveProfiles] and class [redis.HttpTest]
05:46:52.076 [Test worker] DEBUG org.springframework.boot.test.context.SpringBootTestContextBootstrapper - @TestExecutionListeners is not present for class [redis.HttpTest]: using defaults.
05:46:52.076 [Test worker] INFO org.springframework.boot.test.context.SpringBootTestContextBootstrapper - Loaded default TestExecutionListener class names from location [META-INF/spring.factories]: [org.springframework.boot.test.autoconfigure.restdocs.RestDocsTestExecutionListener, org.springframework.boot.test.autoconfigure.web.client.MockRestServiceServerResetTestExecutionListener, org.springframework.boot.test.autoconfigure.web.servlet.MockMvcPrintOnlyOnFailureTestExecutionListener, org.springframework.boot.test.autoconfigure.web.servlet.WebDriverTestExecutionListener, org.springframework.boot.test.mock.mockito.MockitoTestExecutionListener, org.springframework.boot.test.mock.mockito.ResetMocksTestExecutionListener, org.springframework.test.context.web.ServletTestExecutionListener, org.springframework.test.context.support.DirtiesContextBeforeModesTestExecutionListener, org.springframework.test.context.support.DependencyInjectionTestExecutionListener, org.springframework.test.context.support.DirtiesContextTestExecutionListener, org.springframework.test.context.transaction.TransactionalTestExecutionListener, org.springframework.test.context.jdbc.SqlScriptsTestExecutionListener, org.springframework.test.context.event.EventPublishingTestExecutionListener]
05:46:52.092 [Test worker] INFO org.springframework.boot.test.context.SpringBootTestContextBootstrapper - Using TestExecutionListeners: [org.springframework.test.context.web.ServletTestExecutionListener@b185052, org.springframework.test.context.support.DirtiesContextBeforeModesTestExecutionListener@5c840bd1, org.springframework.boot.test.mock.mockito.MockitoTestExecutionListener@53a4b690, org.springframework.boot.test.autoconfigure.SpringBootDependencyInjectionTestExecutionListener@58d28425, org.springframework.test.context.support.DirtiesContextTestExecutionListener@1101d5ad, org.springframework.test.context.transaction.TransactionalTestExecutionListener@6d278edf, org.springframework.test.context.jdbc.SqlScriptsTestExecutionListener@1b41b5dd, org.springframework.test.context.event.EventPublishingTestExecutionListener@577ef93c, org.springframework.boot.test.autoconfigure.restdocs.RestDocsTestExecutionListener@48cde2c3, org.springframework.boot.test.autoconfigure.web.client.MockRestServiceServerResetTestExecutionListener@194dcc73, org.springframework.boot.test.autoconfigure.web.servlet.MockMvcPrintOnlyOnFailureTestExecutionListener@f346dda, org.springframework.boot.test.autoconfigure.web.servlet.WebDriverTestExecutionListener@2f23c219, org.springframework.boot.test.mock.mockito.ResetMocksTestExecutionListener@8dff6c4]
05:46:52.096 [Test worker] DEBUG org.springframework.test.annotation.ProfileValueUtils - Retrieved @ProfileValueSourceConfiguration [null] for test class [redis.HttpTest]
05:46:52.097 [Test worker] DEBUG org.springframework.test.annotation.ProfileValueUtils - Retrieved ProfileValueSource type [class org.springframework.test.annotation.SystemProfileValueSource] for class [redis.HttpTest]
05:46:52.100 [Test worker] DEBUG org.springframework.test.annotation.ProfileValueUtils - Retrieved @ProfileValueSourceConfiguration [null] for test class [redis.HttpTest]
05:46:52.100 [Test worker] DEBUG org.springframework.test.annotation.ProfileValueUtils - Retrieved ProfileValueSource type [class org.springframework.test.annotation.SystemProfileValueSource] for class [redis.HttpTest]
05:46:52.101 [Test worker] DEBUG org.springframework.test.annotation.ProfileValueUtils - Retrieved @ProfileValueSourceConfiguration [null] for test class [redis.HttpTest]
05:46:52.101 [Test worker] DEBUG org.springframework.test.annotation.ProfileValueUtils - Retrieved ProfileValueSource type [class org.springframework.test.annotation.SystemProfileValueSource] for class [redis.HttpTest]
05:46:52.105 [Test worker] DEBUG org.springframework.test.context.support.AbstractDirtiesContextTestExecutionListener - Before test class: context [DefaultTestContext@395512f7 testClass = HttpTest, testInstance = [null], testMethod = [null], testException = [null], mergedContextConfiguration = [WebMergedContextConfiguration@3050b669 testClass = HttpTest, locations = '{}', classes = '{class org.cn.monkey.redis.RedisApplication, class org.cn.monkey.redis.RedisApplication}', contextInitializerClasses = '[]', activeProfiles = '{}', propertySourceLocations = '{}', propertySourceProperties = '{org.springframework.boot.test.context.SpringBootTestContextBootstrapper=true}', contextCustomizers = set[org.springframework.boot.test.autoconfigure.properties.PropertyMappingContextCustomizer@0, org.springframework.boot.test.autoconfigure.web.servlet.WebDriverContextCustomizerFactory$Customizer@58587162, org.springframework.boot.test.context.filter.ExcludeFilterContextCustomizer@1559877, org.springframework.boot.test.json.DuplicateJsonObjectContextCustomizerFactory$DuplicateJsonObjectContextCustomizer@7d3644e2, org.springframework.boot.test.mock.mockito.MockitoContextCustomizer@0, org.springframework.boot.test.web.client.TestRestTemplateContextCustomizer@790dcdbe], resourceBasePath = 'src/main/webapp', contextLoader = 'org.springframework.boot.test.context.SpringBootContextLoader', parent = [null]], attributes = map['org.springframework.test.context.web.ServletTestExecutionListener.activateListener' -> true]], class annotated with @DirtiesContext [false] with mode [null].
05:46:52.107 [Test worker] DEBUG org.springframework.test.annotation.ProfileValueUtils - Retrieved @ProfileValueSourceConfiguration [null] for test class [redis.HttpTest]
05:46:52.107 [Test worker] DEBUG org.springframework.test.annotation.ProfileValueUtils - Retrieved ProfileValueSource type [class org.springframework.test.annotation.SystemProfileValueSource] for class [redis.HttpTest]
05:46:52.131 [Test worker] DEBUG org.springframework.test.context.support.TestPropertySourceUtils - Adding inlined properties to environment: {spring.jmx.enabled=false, org.springframework.boot.test.context.SpringBootTestContextBootstrapper=true, server.port=-1}

  .   ____          _            __ _ _
 /\\ / ___'_ __ _ _(_)_ __  __ _ \ \ \ \
( ( )\___ | '_ | '_| | '_ \/ _` | \ \ \ \
 \\/  ___)| |_)| | | | | || (_| |  ) ) ) )
  '  |____| .__|_| |_|_| |_\__, | / / / /
 =========|_|==============|___/=/_/_/_/
 :: Spring Boot ::        (v2.2.4.RELEASE)

2020-09-08 05:46:52.381  INFO 6545 --- [    Test worker] redis.HttpTest                           : Starting HttpTest on ubuntu with PID 6545 (started by monkey in /home/monkey/programs/workspace/springboot-redis-demo)
2020-09-08 05:46:52.382  INFO 6545 --- [    Test worker] redis.HttpTest                           : No active profile set, falling back to default profiles: default
2020-09-08 05:46:53.029  INFO 6545 --- [    Test worker] .s.d.r.c.RepositoryConfigurationDelegate : Multiple Spring Data modules found, entering strict repository configuration mode!
2020-09-08 05:46:53.033  INFO 6545 --- [    Test worker] .s.d.r.c.RepositoryConfigurationDelegate : Bootstrapping Spring Data Redis repositories in DEFAULT mode.
2020-09-08 05:46:53.065  INFO 6545 --- [    Test worker] .s.d.r.c.RepositoryConfigurationDelegate : Finished Spring Data repository scanning in 15ms. Found 0 Redis repository interfaces.
2020-09-08 05:46:54.325  INFO 6545 --- [    Test worker] o.s.s.concurrent.ThreadPoolTaskExecutor  : Initializing ExecutorService 'applicationTaskExecutor'
2020-09-08 05:46:54.804  INFO 6545 --- [    Test worker] redis.HttpTest                           : Started HttpTest in 2.664 seconds (JVM running for 3.618)
2020-09-08 05:46:55.097  INFO 6545 --- [    Test worker] io.lettuce.core.EpollProvider            : Starting without optional epoll library
2020-09-08 05:46:55.099  INFO 6545 --- [    Test worker] io.lettuce.core.KqueueProvider           : Starting without optional kqueue library
ok
]]></system-out>
  <system-err><![CDATA[]]></system-err>
</testsuite>
